2019-01-08 14:38:27 INFO  BasePage:29 - ---------Тест Авторизации---------
2019-01-08 14:38:28 INFO  BasePage:28 - Авторизация...
2019-01-08 14:38:37 INFO  BasePage:81 - Авторизация прошла успешно
2019-01-08 14:38:37 INFO  BasePage:87 - ----------------------------------
2019-01-08 14:38:39 INFO  BasePage:94 - Ожидание разъединения...
2019-01-08 14:38:40 INFO  BasePage:28 - Авторизация...
2019-01-08 14:38:44 INFO  BasePage:81 - Авторизация прошла успешно
2019-01-08 14:38:44 INFO  BasePage:87 - ----------------------------------
2019-01-08 14:38:44 INFO  BasePage:30 - ---------Тест Отправки сообщения---------
2019-01-08 14:38:45 INFO  BasePage:43 - Нажата кнопка "Написать письмо"
2019-01-08 14:38:46 INFO  BasePage:46 - Получатель: romanbogatko1998@mail.ru
2019-01-08 14:38:46 INFO  BasePage:53 - Отправка сообщения...
2019-01-08 14:38:47 INFO  BasePage:66 - Сообщение успешно отправлено
2019-01-08 14:38:47 INFO  BasePage:71 - -----------------------------------------
2019-01-08 14:38:49 INFO  BasePage:94 - Ожидание разъединения...
2019-01-08 14:38:50 INFO  BasePage:28 - Авторизация...
2019-01-08 14:38:53 INFO  BasePage:81 - Авторизация прошла успешно
2019-01-08 14:38:53 INFO  BasePage:87 - ----------------------------------
2019-01-08 14:38:53 INFO  BasePage:26 - ---------Тест выхода---------
2019-01-08 14:38:55 INFO  BasePage:94 - Ожидание разъединения...
2019-01-08 14:39:47 INFO  BasePage:29 - ---------Тест Авторизации---------
2019-01-08 14:39:47 INFO  BasePage:28 - Авторизация...
2019-01-08 14:39:55 INFO  BasePage:81 - Авторизация прошла успешно
2019-01-08 14:39:55 INFO  BasePage:87 - ----------------------------------
2019-01-08 14:39:57 INFO  BasePage:94 - Ожидание разъединения...
2019-01-08 14:39:59 INFO  BasePage:28 - Авторизация...
2019-01-08 14:40:02 INFO  BasePage:81 - Авторизация прошла успешно
2019-01-08 14:40:02 INFO  BasePage:87 - ----------------------------------
2019-01-08 14:40:02 INFO  BasePage:30 - ---------Тест Отправки сообщения---------
2019-01-08 14:40:03 INFO  BasePage:43 - Нажата кнопка "Написать письмо"
2019-01-08 14:40:04 INFO  BasePage:46 - Получатель: romanbogatko1998@mail.ru
2019-01-08 14:40:04 INFO  BasePage:53 - Отправка сообщения...
2019-01-08 14:40:05 INFO  BasePage:66 - Сообщение успешно отправлено
2019-01-08 14:40:05 INFO  BasePage:71 - -----------------------------------------
2019-01-08 14:40:07 INFO  BasePage:94 - Ожидание разъединения...
2019-01-08 14:40:09 INFO  BasePage:28 - Авторизация...
2019-01-08 14:40:12 INFO  BasePage:81 - Авторизация прошла успешно
2019-01-08 14:40:12 INFO  BasePage:87 - ----------------------------------
2019-01-08 14:40:12 INFO  BasePage:26 - ---------Тест выхода---------
2019-01-08 14:40:14 INFO  BasePage:94 - Ожидание разъединения...
2019-01-08 14:40:22 INFO  BasePage:102 - Выход с аккаунта
2019-01-08 14:40:22 INFO  BasePage:107 - ----------------------------------
2019-01-08 14:41:35 INFO  BasePage:29 - ---------Тест Авторизации---------
2019-01-08 14:41:36 INFO  BasePage:28 - Авторизация...
2019-01-08 14:41:44 INFO  BasePage:81 - Авторизация прошла успешно
2019-01-08 14:41:44 INFO  BasePage:87 - ----------------------------------
2019-01-08 14:41:46 INFO  BasePage:94 - Ожидание разъединения...
2019-01-08 14:41:47 INFO  BasePage:28 - Авторизация...
2019-01-08 14:41:51 INFO  BasePage:81 - Авторизация прошла успешно
2019-01-08 14:41:51 INFO  BasePage:87 - ----------------------------------
2019-01-08 14:41:51 INFO  BasePage:30 - ---------Тест Отправки сообщения---------
2019-01-08 14:41:52 INFO  BasePage:43 - Нажата кнопка "Написать письмо"
2019-01-08 14:41:53 INFO  BasePage:46 - Получатель: romanbogatko1998@mail.ru
2019-01-08 14:41:53 INFO  BasePage:53 - Отправка сообщения...
2019-01-08 14:41:54 INFO  BasePage:66 - Сообщение успешно отправлено
2019-01-08 14:41:54 INFO  BasePage:71 - -----------------------------------------
2019-01-08 14:41:56 INFO  BasePage:94 - Ожидание разъединения...
2019-01-08 14:41:57 INFO  BasePage:28 - Авторизация...
2019-01-08 14:42:01 INFO  BasePage:81 - Авторизация прошла успешно
2019-01-08 14:42:01 INFO  BasePage:87 - ----------------------------------
2019-01-08 14:42:01 INFO  BasePage:26 - ---------Тест выхода---------
2019-01-08 14:42:03 INFO  BasePage:94 - Ожидание разъединения...
2019-01-08 14:43:10 INFO  BasePage:29 - ---------РўРµСЃС‚ РђРІС‚РѕСЂРёР·Р°С†РёРё---------
2019-01-08 14:43:10 INFO  BasePage:28 - РђРІС‚РѕСЂРёР·Р°С†РёСЏ...
2019-01-08 14:43:19 INFO  BasePage:81 - РђРІС‚РѕСЂРёР·Р°С†РёСЏ РїСЂРѕС€Р»Р° СѓСЃРїРµС€РЅРѕ
2019-01-08 14:43:19 INFO  BasePage:87 - ----------------------------------
2019-01-08 14:43:22 INFO  BasePage:94 - РћР¶РёРґР°РЅРёРµ СЂР°Р·СЉРµРґРёРЅРµРЅРёСЏ...
2019-01-08 14:43:24 INFO  BasePage:28 - РђРІС‚РѕСЂРёР·Р°С†РёСЏ...
2019-01-08 14:43:28 INFO  BasePage:81 - РђРІС‚РѕСЂРёР·Р°С†РёСЏ РїСЂРѕС€Р»Р° СѓСЃРїРµС€РЅРѕ
2019-01-08 14:43:28 INFO  BasePage:87 - ----------------------------------
2019-01-08 14:43:28 INFO  BasePage:26 - ---------РўРµСЃС‚ РІС‹С…РѕРґР°---------
2019-01-08 14:43:30 INFO  BasePage:94 - РћР¶РёРґР°РЅРёРµ СЂР°Р·СЉРµРґРёРЅРµРЅРёСЏ...
2019-01-08 14:43:30 INFO  BasePage:102 - Р’С‹С…РѕРґ СЃ Р°РєРєР°СѓРЅС‚Р°
2019-01-08 14:43:30 INFO  BasePage:107 - ----------------------------------
2019-01-08 14:43:46 INFO  BasePage:29 - ---------РўРµСЃС‚ РђРІС‚РѕСЂРёР·Р°С†РёРё---------
2019-01-08 14:43:47 INFO  BasePage:28 - РђРІС‚РѕСЂРёР·Р°С†РёСЏ...
2019-01-08 14:43:55 INFO  BasePage:81 - РђРІС‚РѕСЂРёР·Р°С†РёСЏ РїСЂРѕС€Р»Р° СѓСЃРїРµС€РЅРѕ
2019-01-08 14:43:55 INFO  BasePage:87 - ----------------------------------
2019-01-08 14:43:57 INFO  BasePage:94 - РћР¶РёРґР°РЅРёРµ СЂР°Р·СЉРµРґРёРЅРµРЅРёСЏ...
2019-01-08 14:43:59 INFO  BasePage:28 - РђРІС‚РѕСЂРёР·Р°С†РёСЏ...
2019-01-08 14:44:03 INFO  BasePage:81 - РђРІС‚РѕСЂРёР·Р°С†РёСЏ РїСЂРѕС€Р»Р° СѓСЃРїРµС€РЅРѕ
2019-01-08 14:44:03 INFO  BasePage:87 - ----------------------------------
2019-01-08 14:44:03 INFO  BasePage:26 - ---------РўРµСЃС‚ РІС‹С…РѕРґР°---------
2019-01-08 14:44:05 INFO  BasePage:94 - РћР¶РёРґР°РЅРёРµ СЂР°Р·СЉРµРґРёРЅРµРЅРёСЏ...
2019-01-08 14:44:05 INFO  BasePage:102 - Р’С‹С…РѕРґ СЃ Р°РєРєР°СѓРЅС‚Р°
2019-01-08 14:44:05 INFO  BasePage:107 - ----------------------------------
2019-01-08 14:44:35 INFO  BasePage:29 - ---------РўРµСЃС‚ РђРІС‚РѕСЂРёР·Р°С†РёРё---------
2019-01-08 14:44:35 INFO  BasePage:28 - РђРІС‚РѕСЂРёР·Р°С†РёСЏ...
2019-01-08 14:44:41 INFO  BasePage:81 - РђРІС‚РѕСЂРёР·Р°С†РёСЏ РїСЂРѕС€Р»Р° СѓСЃРїРµС€РЅРѕ
2019-01-08 14:44:41 INFO  BasePage:87 - ----------------------------------
2019-01-08 14:44:43 INFO  BasePage:94 - РћР¶РёРґР°РЅРёРµ СЂР°Р·СЉРµРґРёРЅРµРЅРёСЏ...
2019-01-08 14:44:44 INFO  BasePage:28 - РђРІС‚РѕСЂРёР·Р°С†РёСЏ...
2019-01-08 14:44:49 INFO  BasePage:81 - РђРІС‚РѕСЂРёР·Р°С†РёСЏ РїСЂРѕС€Р»Р° СѓСЃРїРµС€РЅРѕ
2019-01-08 14:44:49 INFO  BasePage:87 - ----------------------------------
2019-01-08 14:44:49 INFO  BasePage:26 - ---------РўРµСЃС‚ РІС‹С…РѕРґР°---------
2019-01-08 14:44:50 INFO  BasePage:94 - РћР¶РёРґР°РЅРёРµ СЂР°Р·СЉРµРґРёРЅРµРЅРёСЏ...
2019-01-08 14:45:40 INFO  BasePage:29 - ---------РўРµСЃС‚ РђРІС‚РѕСЂРёР·Р°С†РёРё---------
2019-01-08 14:45:41 INFO  BasePage:28 - РђРІС‚РѕСЂРёР·Р°С†РёСЏ...
2019-01-08 14:45:46 INFO  BasePage:81 - РђРІС‚РѕСЂРёР·Р°С†РёСЏ РїСЂРѕС€Р»Р° СѓСЃРїРµС€РЅРѕ
2019-01-08 14:45:46 INFO  BasePage:87 - ----------------------------------
2019-01-08 14:45:48 INFO  BasePage:94 - РћР¶РёРґР°РЅРёРµ СЂР°Р·СЉРµРґРёРЅРµРЅРёСЏ...
2019-01-08 14:45:50 INFO  BasePage:28 - РђРІС‚РѕСЂРёР·Р°С†РёСЏ...
2019-01-08 14:45:55 INFO  BasePage:81 - РђРІС‚РѕСЂРёР·Р°С†РёСЏ РїСЂРѕС€Р»Р° СѓСЃРїРµС€РЅРѕ
2019-01-08 14:45:55 INFO  BasePage:87 - ----------------------------------
2019-01-08 14:45:55 INFO  BasePage:26 - ---------РўРµСЃС‚ РІС‹С…РѕРґР°---------
2019-01-08 14:45:57 INFO  BasePage:94 - РћР¶РёРґР°РЅРёРµ СЂР°Р·СЉРµРґРёРЅРµРЅРёСЏ...
2019-01-08 14:45:57 INFO  BasePage:102 - Р’С‹С…РѕРґ СЃ Р°РєРєР°СѓРЅС‚Р°
2019-01-08 14:45:57 INFO  BasePage:107 - ----------------------------------
2019-01-08 14:48:43 INFO  BasePage:29 - ---------Тест Авторизации---------
2019-01-08 14:48:44 INFO  BasePage:28 - Авторизация...
2019-01-08 14:48:52 INFO  BasePage:81 - Авторизация прошла успешно
2019-01-08 14:48:52 INFO  BasePage:87 - ----------------------------------
2019-01-08 14:48:54 INFO  BasePage:94 - Ожидание разъединения...
2019-01-08 14:48:55 INFO  BasePage:28 - Авторизация...
2019-01-08 14:48:59 INFO  BasePage:81 - Авторизация прошла успешно
2019-01-08 14:48:59 INFO  BasePage:87 - ----------------------------------
2019-01-08 14:48:59 INFO  BasePage:30 - ---------Тест Отправки сообщения---------
2019-01-08 14:49:00 INFO  BasePage:43 - Нажата кнопка "Написать письмо"
2019-01-08 14:49:01 INFO  BasePage:46 - Получатель: romanbogatko1998@mail.ru
2019-01-08 14:49:01 INFO  BasePage:53 - Отправка сообщения...
2019-01-08 14:49:02 INFO  BasePage:66 - Сообщение успешно отправлено
2019-01-08 14:49:02 INFO  BasePage:71 - -----------------------------------------
2019-01-08 14:49:04 INFO  BasePage:94 - Ожидание разъединения...
2019-01-08 14:49:05 INFO  BasePage:28 - Авторизация...
2019-01-08 14:49:08 INFO  BasePage:81 - Авторизация прошла успешно
2019-01-08 14:49:08 INFO  BasePage:87 - ----------------------------------
2019-01-08 14:49:08 INFO  BasePage:26 - ---------Тест выхода---------
2019-01-08 14:49:10 INFO  BasePage:94 - Ожидание разъединения...
2019-01-08 14:49:11 INFO  BasePage:102 - Выход с аккаунта
2019-01-08 14:49:11 INFO  BasePage:107 - ----------------------------------
2019-01-08 14:49:39 INFO  BasePage:29 - ---------Тест Авторизации---------
2019-01-08 14:49:40 INFO  BasePage:28 - Авторизация...
2019-01-08 14:49:46 INFO  BasePage:81 - Авторизация прошла успешно
2019-01-08 14:49:46 INFO  BasePage:87 - ----------------------------------
2019-01-08 14:49:48 INFO  BasePage:94 - Ожидание разъединения...
2019-01-08 14:49:50 INFO  BasePage:28 - Авторизация...
2019-01-08 14:49:55 INFO  BasePage:81 - Авторизация прошла успешно
2019-01-08 14:49:55 INFO  BasePage:87 - ----------------------------------
2019-01-08 14:49:55 INFO  BasePage:30 - ---------Тест Отправки сообщения---------
2019-01-08 14:49:55 INFO  BasePage:43 - Нажата кнопка "Написать письмо"
2019-01-08 14:49:56 INFO  BasePage:46 - Получатель: romanbogatko1998@mail.ru
2019-01-08 14:49:57 INFO  BasePage:53 - Отправка сообщения...
2019-01-08 14:49:58 INFO  BasePage:66 - Сообщение успешно отправлено
2019-01-08 14:49:58 INFO  BasePage:71 - -----------------------------------------
2019-01-08 14:50:01 INFO  BasePage:94 - Ожидание разъединения...
2019-01-08 14:50:03 INFO  BasePage:28 - Авторизация...
2019-01-08 14:50:07 INFO  BasePage:81 - Авторизация прошла успешно
2019-01-08 14:50:07 INFO  BasePage:87 - ----------------------------------
2019-01-08 14:50:07 INFO  BasePage:26 - ---------Тест выхода---------
2019-01-08 14:50:09 INFO  BasePage:94 - Ожидание разъединения...
2019-01-08 14:50:09 INFO  BasePage:102 - Выход с аккаунта
2019-01-08 14:50:09 INFO  BasePage:107 - ----------------------------------
